[debug] [2024-02-09T15:05:12.056Z] ----------------------------------------------------------------------
[debug] [2024-02-09T15:05:12.059Z] Command:       C:\Program Files\nodejs\node.exe C:\Users\abdus\AppData\Roaming\npm\node_modules\firebase-tools\lib\bin\firebase.js init
[debug] [2024-02-09T15:05:12.060Z] CLI Version:   13.0.3
[debug] [2024-02-09T15:05:12.060Z] Platform:      win32
[debug] [2024-02-09T15:05:12.060Z] Node Version:  v20.11.0
[debug] [2024-02-09T15:05:12.061Z] Time:          Fri Feb 09 2024 20:35:12 GMT+0530 (India Standard Time)
[debug] [2024-02-09T15:05:12.061Z] ----------------------------------------------------------------------
[debug] 
[debug] [2024-02-09T15:05:12.064Z] >>> [apiv2][query] GET https://firebase-public.firebaseio.com/cli.json [none]
[debug] [2024-02-09T15:05:12.130Z] > command requires scopes: ["email","openid","https://www.googleapis.com/auth/cloudplatformprojects.readonly","https://www.googleapis.com/auth/firebase","https://www.googleapis.com/auth/cloud-platform"]
[debug] [2024-02-09T15:05:12.131Z] > authorizing via signed-in user (absamim6157@gmail.com)
[info] 
     ######## #### ########  ######## ########     ###     ######  ########
     ##        ##  ##     ## ##       ##     ##  ##   ##  ##       ##
     ######    ##  ########  ######   ########  #########  ######  ######
     ##        ##  ##    ##  ##       ##     ## ##     ##       ## ##
     ##       #### ##     ## ######## ########  ##     ##  ######  ########

You're about to initialize a Firebase project in this directory:

  C:\Users\abdus\OneDrive\Desktop\Digikull\digikull\React\samim-store

[debug] [2024-02-09T15:05:13.082Z] <<< [apiv2][status] GET https://firebase-public.firebaseio.com/cli.json 200
[debug] [2024-02-09T15:05:13.084Z] <<< [apiv2][body] GET https://firebase-public.firebaseio.com/cli.json {"cloudBuildErrorAfter":1594252800000,"cloudBuildWarnAfter":1590019200000,"defaultNode10After":1594252800000,"minVersion":"3.0.5","node8DeploysDisabledAfter":1613390400000,"node8RuntimeDisabledAfter":1615809600000,"node8WarnAfter":1600128000000}
